2020-11-13 12:00:09,075 foo.bar.baz     ERROR    listener (for worker 1) Message no. 1
2020-11-13 12:00:09,076 spam.ham.eggs   ERROR    listener (for worker 2) Message no. 1
2020-11-13 12:00:09,083 foo.bar         ERROR    listener (for worker 5) Message no. 1
2020-11-13 12:00:09,086 spam.ham        CRITICAL listener (for worker 1) Message no. 2
2020-11-13 12:00:09,087 spam.ham        CRITICAL listener (for worker 2) Message no. 2
2020-11-13 12:00:09,094 spam.ham.eggs   CRITICAL listener (for worker 5) Message no. 2
2020-11-13 12:00:09,097 foo             ERROR    listener (for worker 1) Message no. 3
2020-11-13 12:00:09,098 spam.ham        ERROR    listener (for worker 2) Message no. 3
2020-11-13 12:00:09,100 spam            CRITICAL listener (for worker 3) Message no. 3
2020-11-13 12:00:09,100 foo.bar         ERROR    listener (for worker 4) Message no. 3
2020-11-13 12:00:09,105 spam.ham.eggs   ERROR    listener (for worker 5) Message no. 3
2020-11-13 12:00:09,111 foo.bar         CRITICAL listener (for worker 4) Message no. 4
2020-11-13 12:00:09,120 foo.bar         CRITICAL listener (for worker 2) Message no. 5
2020-11-13 12:00:09,127 foo             ERROR    listener (for worker 5) Message no. 5
2020-11-13 12:00:09,130 spam            CRITICAL listener (for worker 1) Message no. 6
2020-11-13 12:00:09,133 spam.ham.eggs   CRITICAL listener (for worker 3) Message no. 6
2020-11-13 12:00:09,138 spam.ham        ERROR    listener (for worker 5) Message no. 6
2020-11-13 12:00:09,141 foo.bar         CRITICAL listener (for worker 1) Message no. 7
2020-11-13 12:00:09,144 spam            CRITICAL listener (for worker 3) Message no. 7
2020-11-13 12:00:09,164 foo.bar         ERROR    listener (for worker 2) Message no. 9
2020-11-13 12:00:09,165 foo             ERROR    listener (for worker 3) Message no. 9
2020-11-13 12:00:09,165 spam.ham        ERROR    listener (for worker 4) Message no. 9
2020-11-13 12:00:09,171 spam.ham.eggs   ERROR    listener (for worker 5) Message no. 9
2020-11-13 12:00:09,184 spam.ham        CRITICAL listener (for worker 1) Message no. 11
2020-11-13 12:00:09,192 foo.bar         CRITICAL listener (for worker 5) Message no. 11
2020-11-13 12:00:09,197 spam            ERROR    listener (for worker 3) Message no. 12
2020-11-13 12:00:09,197 foo.bar.baz     CRITICAL listener (for worker 2) Message no. 12
2020-11-13 12:00:09,203 spam            ERROR    listener (for worker 5) Message no. 12
2020-11-13 12:00:09,216 foo.bar.baz     CRITICAL listener (for worker 1) Message no. 14
2020-11-13 12:00:09,218 spam.ham        ERROR    listener (for worker 4) Message no. 14
2020-11-13 12:00:09,227 foo.bar.baz     ERROR    listener (for worker 1) Message no. 15
2020-11-13 12:00:09,229 spam.ham.eggs   ERROR    listener (for worker 4) Message no. 15
2020-11-13 12:00:09,237 foo             CRITICAL listener (for worker 1) Message no. 16
2020-11-13 12:00:09,248 spam.ham        ERROR    listener (for worker 1) Message no. 17
2020-11-13 12:00:09,250 spam.ham        CRITICAL listener (for worker 3) Message no. 17
2020-11-13 12:00:09,262 foo.bar         ERROR    listener (for worker 4) Message no. 18
2020-11-13 12:00:09,262 spam.ham        ERROR    listener (for worker 3) Message no. 18
2020-11-13 12:00:09,262 foo             CRITICAL listener (for worker 2) Message no. 18
2020-11-13 12:00:09,268 spam.ham.eggs   CRITICAL listener (for worker 5) Message no. 18
2020-11-13 12:00:09,273 foo             CRITICAL listener (for worker 2) Message no. 19
2020-11-13 12:00:09,273 foo.bar.baz     ERROR    listener (for worker 3) Message no. 19
2020-11-13 12:00:09,279 spam.ham        CRITICAL listener (for worker 5) Message no. 19
2020-11-13 12:00:09,284 foo.bar         CRITICAL listener (for worker 3) Message no. 20
2020-11-13 12:00:09,284 foo.bar         CRITICAL listener (for worker 2) Message no. 20
2020-11-13 12:00:09,295 spam            ERROR    listener (for worker 4) Message no. 21
2020-11-13 12:00:09,314 spam.ham.eggs   ERROR    listener (for worker 1) Message no. 23
2020-11-13 12:00:09,317 foo.bar         CRITICAL listener (for worker 4) Message no. 23
2020-11-13 12:00:09,317 spam            CRITICAL listener (for worker 3) Message no. 23
2020-11-13 12:00:09,317 foo             CRITICAL listener (for worker 2) Message no. 23
2020-11-13 12:00:09,328 foo.bar.baz     ERROR    listener (for worker 4) Message no. 24
2020-11-13 12:00:09,328 foo.bar.baz     ERROR    listener (for worker 2) Message no. 24
2020-11-13 12:00:09,334 spam.ham.eggs   ERROR    listener (for worker 5) Message no. 24
2020-11-13 12:00:09,339 spam.ham        CRITICAL listener (for worker 2) Message no. 25
2020-11-13 12:00:09,345 spam.ham        CRITICAL listener (for worker 5) Message no. 25
2020-11-13 12:00:09,350 spam.ham        ERROR    listener (for worker 4) Message no. 26
2020-11-13 12:00:09,350 spam.ham.eggs   CRITICAL listener (for worker 3) Message no. 26
2020-11-13 12:00:09,350 foo             ERROR    listener (for worker 2) Message no. 26
2020-11-13 12:00:09,357 spam            ERROR    listener (for worker 1) Message no. 27
2020-11-13 12:00:09,360 foo.bar         ERROR    listener (for worker 3) Message no. 27
2020-11-13 12:00:09,360 spam.ham        ERROR    listener (for worker 2) Message no. 27
2020-11-13 12:00:09,371 spam            ERROR    listener (for worker 2) Message no. 28
2020-11-13 12:00:09,371 foo             CRITICAL listener (for worker 4) Message no. 28
2020-11-13 12:00:09,379 spam.ham        CRITICAL listener (for worker 1) Message no. 29
2020-11-13 12:00:09,393 foo.bar.baz     ERROR    listener (for worker 2) Message no. 30
2020-11-13 12:00:09,393 spam.ham.eggs   ERROR    listener (for worker 4) Message no. 30
2020-11-13 12:00:09,398 spam.ham.eggs   ERROR    listener (for worker 5) Message no. 30
2020-11-13 12:00:09,409 foo             CRITICAL listener (for worker 5) Message no. 31
2020-11-13 12:00:09,411 spam.ham.eggs   ERROR    listener (for worker 1) Message no. 32
2020-11-13 12:00:09,415 foo.bar.baz     ERROR    listener (for worker 4) Message no. 32
2020-11-13 12:00:09,415 spam.ham.eggs   ERROR    listener (for worker 3) Message no. 32
2020-11-13 12:00:09,420 foo.bar.baz     CRITICAL listener (for worker 5) Message no. 32
2020-11-13 12:00:09,426 spam.ham        ERROR    listener (for worker 4) Message no. 33
2020-11-13 12:00:09,444 spam.ham.eggs   ERROR    listener (for worker 1) Message no. 35
2020-11-13 12:00:09,448 spam.ham        ERROR    listener (for worker 2) Message no. 35
2020-11-13 12:00:09,455 foo.bar         ERROR    listener (for worker 1) Message no. 36
2020-11-13 12:00:09,459 foo.bar.baz     CRITICAL listener (for worker 2) Message no. 36
2020-11-13 12:00:09,470 foo.bar.baz     ERROR    listener (for worker 2) Message no. 37
2020-11-13 12:00:09,470 foo.bar         ERROR    listener (for worker 3) Message no. 37
2020-11-13 12:00:09,477 foo             CRITICAL listener (for worker 1) Message no. 38
2020-11-13 12:00:09,481 spam.ham.eggs   CRITICAL listener (for worker 3) Message no. 38
2020-11-13 12:00:09,481 spam            CRITICAL listener (for worker 4) Message no. 38
2020-11-13 12:00:09,486 foo.bar.baz     CRITICAL listener (for worker 5) Message no. 38
2020-11-13 12:00:09,492 foo.bar         CRITICAL listener (for worker 4) Message no. 39
2020-11-13 12:00:09,497 spam.ham.eggs   ERROR    listener (for worker 5) Message no. 39
2020-11-13 12:00:09,499 foo.bar.baz     ERROR    listener (for worker 1) Message no. 40
2020-11-13 12:00:09,503 foo.bar.baz     CRITICAL listener (for worker 2) Message no. 40
2020-11-13 12:00:09,510 spam.ham.eggs   ERROR    listener (for worker 1) Message no. 41
2020-11-13 12:00:09,514 spam.ham        ERROR    listener (for worker 3) Message no. 41
2020-11-13 12:00:09,536 spam.ham        ERROR    listener (for worker 3) Message no. 43
2020-11-13 12:00:09,536 foo.bar.baz     ERROR    listener (for worker 4) Message no. 43
2020-11-13 12:00:09,541 spam.ham.eggs   ERROR    listener (for worker 5) Message no. 43
2020-11-13 12:00:09,547 foo.bar.baz     ERROR    listener (for worker 2) Message no. 44
2020-11-13 12:00:09,547 foo.bar.baz     ERROR    listener (for worker 3) Message no. 44
2020-11-13 12:00:09,552 spam.ham        ERROR    listener (for worker 5) Message no. 44
2020-11-13 12:00:09,580 foo             ERROR    listener (for worker 3) Message no. 47
2020-11-13 12:00:09,580 foo.bar.baz     ERROR    listener (for worker 4) Message no. 47
2020-11-13 12:00:09,587 spam            CRITICAL listener (for worker 1) Message no. 48
2020-11-13 12:00:09,598 spam.ham        ERROR    listener (for worker 1) Message no. 49
2020-11-13 12:00:09,602 foo             CRITICAL listener (for worker 4) Message no. 49
2020-11-13 12:00:09,602 foo.bar         ERROR    listener (for worker 3) Message no. 49
2020-11-13 12:00:09,612 foo.bar         CRITICAL listener (for worker 3) Message no. 50
2020-11-13 12:00:09,612 spam            CRITICAL listener (for worker 2) Message no. 50
2020-11-13 12:00:09,617 spam            ERROR    listener (for worker 5) Message no. 50
2020-11-13 12:00:09,630 foo.bar.baz     CRITICAL listener (for worker 1) Message no. 52
2020-11-13 12:00:09,634 foo             CRITICAL listener (for worker 4) Message no. 52
2020-11-13 12:00:09,641 spam.ham        CRITICAL listener (for worker 1) Message no. 53
2020-11-13 12:00:09,645 foo.bar.baz     CRITICAL listener (for worker 4) Message no. 53
2020-11-13 12:00:09,645 spam.ham        ERROR    listener (for worker 3) Message no. 53
2020-11-13 12:00:09,656 spam.ham.eggs   CRITICAL listener (for worker 4) Message no. 54
2020-11-13 12:00:09,656 spam.ham.eggs   CRITICAL listener (for worker 3) Message no. 54
2020-11-13 12:00:09,678 foo.bar         ERROR    listener (for worker 3) Message no. 56
2020-11-13 12:00:09,689 spam            ERROR    listener (for worker 3) Message no. 57
2020-11-13 12:00:09,700 spam            CRITICAL listener (for worker 4) Message no. 58
2020-11-13 12:00:09,705 foo             ERROR    listener (for worker 5) Message no. 58
2020-11-13 12:00:09,707 spam            CRITICAL listener (for worker 1) Message no. 59
2020-11-13 12:00:09,711 spam            CRITICAL listener (for worker 4) Message no. 59
2020-11-13 12:00:09,711 foo             CRITICAL listener (for worker 2) Message no. 59
2020-11-13 12:00:09,718 spam.ham        CRITICAL listener (for worker 1) Message no. 60
2020-11-13 12:00:09,733 spam.ham.eggs   CRITICAL listener (for worker 4) Message no. 61
2020-11-13 12:00:09,740 foo.bar         ERROR    listener (for worker 1) Message no. 62
2020-11-13 12:00:09,753 foo.bar         ERROR    listener (for worker 4) Message no. 63
2020-11-13 12:00:09,759 foo             CRITICAL listener (for worker 5) Message no. 63
2020-11-13 12:00:09,772 spam.ham.eggs   ERROR    listener (for worker 1) Message no. 65
2020-11-13 12:00:09,775 spam.ham.eggs   CRITICAL listener (for worker 3) Message no. 65
2020-11-13 12:00:09,775 foo             ERROR    listener (for worker 2) Message no. 65
2020-11-13 12:00:09,775 foo.bar         ERROR    listener (for worker 4) Message no. 65
2020-11-13 12:00:09,785 spam.ham.eggs   ERROR    listener (for worker 3) Message no. 66
2020-11-13 12:00:09,795 foo.bar         ERROR    listener (for worker 4) Message no. 67
2020-11-13 12:00:09,800 spam.ham        CRITICAL listener (for worker 5) Message no. 67
2020-11-13 12:00:09,804 foo.bar         CRITICAL listener (for worker 1) Message no. 68
2020-11-13 12:00:09,811 foo.bar.baz     CRITICAL listener (for worker 5) Message no. 68
2020-11-13 12:00:09,816 spam.ham        ERROR    listener (for worker 4) Message no. 69
2020-11-13 12:00:09,816 spam            ERROR    listener (for worker 2) Message no. 69
2020-11-13 12:00:09,816 foo             ERROR    listener (for worker 3) Message no. 69
2020-11-13 12:00:09,825 spam.ham        CRITICAL listener (for worker 1) Message no. 70
2020-11-13 12:00:09,832 foo.bar         ERROR    listener (for worker 5) Message no. 70
2020-11-13 12:00:09,836 spam            ERROR    listener (for worker 1) Message no. 71
2020-11-13 12:00:09,838 spam.ham.eggs   CRITICAL listener (for worker 3) Message no. 71
2020-11-13 12:00:09,847 spam.ham.eggs   CRITICAL listener (for worker 1) Message no. 72
2020-11-13 12:00:09,849 foo.bar         CRITICAL listener (for worker 2) Message no. 72
2020-11-13 12:00:09,849 foo.bar.baz     CRITICAL listener (for worker 4) Message no. 72
2020-11-13 12:00:09,854 foo             CRITICAL listener (for worker 5) Message no. 72
2020-11-13 12:00:09,858 spam            CRITICAL listener (for worker 1) Message no. 73
2020-11-13 12:00:09,860 spam.ham.eggs   CRITICAL listener (for worker 4) Message no. 73
2020-11-13 12:00:09,860 foo.bar.baz     ERROR    listener (for worker 2) Message no. 73
2020-11-13 12:00:09,864 spam            ERROR    listener (for worker 5) Message no. 73
2020-11-13 12:00:09,874 foo             CRITICAL listener (for worker 5) Message no. 74
2020-11-13 12:00:09,881 spam.ham        ERROR    listener (for worker 4) Message no. 75
2020-11-13 12:00:09,889 foo.bar         ERROR    listener (for worker 1) Message no. 76
2020-11-13 12:00:09,892 spam.ham        ERROR    listener (for worker 2) Message no. 76
2020-11-13 12:00:09,899 foo.bar         CRITICAL listener (for worker 1) Message no. 77
2020-11-13 12:00:09,903 foo.bar         ERROR    listener (for worker 3) Message no. 77
2020-11-13 12:00:09,909 spam            CRITICAL listener (for worker 1) Message no. 78
2020-11-13 12:00:09,913 foo.bar         ERROR    listener (for worker 3) Message no. 78
2020-11-13 12:00:09,913 spam            CRITICAL listener (for worker 4) Message no. 78
2020-11-13 12:00:09,913 spam.ham.eggs   CRITICAL listener (for worker 2) Message no. 78
2020-11-13 12:00:09,924 spam.ham        CRITICAL listener (for worker 2) Message no. 79
2020-11-13 12:00:09,924 foo.bar         ERROR    listener (for worker 4) Message no. 79
2020-11-13 12:00:09,931 spam.ham        ERROR    listener (for worker 1) Message no. 80
2020-11-13 12:00:09,935 foo.bar         ERROR    listener (for worker 4) Message no. 80
2020-11-13 12:00:09,935 spam.ham.eggs   ERROR    listener (for worker 2) Message no. 80
2020-11-13 12:00:09,956 spam.ham        CRITICAL listener (for worker 3) Message no. 82
2020-11-13 12:00:09,962 spam.ham        CRITICAL listener (for worker 1) Message no. 83
2020-11-13 12:00:09,970 spam.ham.eggs   ERROR    listener (for worker 5) Message no. 83
2020-11-13 12:00:09,976 spam.ham        CRITICAL listener (for worker 2) Message no. 84
2020-11-13 12:00:09,976 spam.ham.eggs   ERROR    listener (for worker 3) Message no. 84
2020-11-13 12:00:09,976 foo.bar         CRITICAL listener (for worker 4) Message no. 84
2020-11-13 12:00:09,986 foo.bar.baz     ERROR    listener (for worker 4) Message no. 85
2020-11-13 12:00:09,991 spam.ham.eggs   ERROR    listener (for worker 5) Message no. 85
2020-11-13 12:00:09,994 foo.bar         CRITICAL listener (for worker 1) Message no. 86
2020-11-13 12:00:09,997 spam            CRITICAL listener (for worker 2) Message no. 86
2020-11-13 12:00:10,001 foo.bar         CRITICAL listener (for worker 5) Message no. 86
2020-11-13 12:00:10,005 foo             ERROR    listener (for worker 1) Message no. 87
2020-11-13 12:00:10,007 foo.bar.baz     CRITICAL listener (for worker 3) Message no. 87
2020-11-13 12:00:10,007 foo.bar         CRITICAL listener (for worker 2) Message no. 87
2020-11-13 12:00:10,012 foo.bar.baz     ERROR    listener (for worker 5) Message no. 87
2020-11-13 12:00:10,018 foo             CRITICAL listener (for worker 2) Message no. 88
2020-11-13 12:00:10,018 spam            ERROR    listener (for worker 4) Message no. 88
2020-11-13 12:00:10,032 foo.bar.baz     CRITICAL listener (for worker 5) Message no. 89
2020-11-13 12:00:10,039 foo.bar         CRITICAL listener (for worker 4) Message no. 90
2020-11-13 12:00:10,047 foo             CRITICAL listener (for worker 1) Message no. 91
2020-11-13 12:00:10,058 foo.bar         CRITICAL listener (for worker 1) Message no. 92
2020-11-13 12:00:10,060 foo.bar         CRITICAL listener (for worker 2) Message no. 92
2020-11-13 12:00:10,062 spam.ham.eggs   ERROR    listener (for worker 5) Message no. 92
2020-11-13 12:00:10,071 foo.bar         ERROR    listener (for worker 3) Message no. 93
2020-11-13 12:00:10,071 foo.bar         CRITICAL listener (for worker 4) Message no. 93
2020-11-13 12:00:10,079 spam.ham        ERROR    listener (for worker 1) Message no. 94
2020-11-13 12:00:10,081 foo.bar.baz     CRITICAL listener (for worker 2) Message no. 94
2020-11-13 12:00:10,084 spam.ham        ERROR    listener (for worker 5) Message no. 94
2020-11-13 12:00:10,090 spam.ham.eggs   ERROR    listener (for worker 1) Message no. 95
2020-11-13 12:00:10,092 spam.ham        CRITICAL listener (for worker 3) Message no. 95
2020-11-13 12:00:10,102 foo             CRITICAL listener (for worker 3) Message no. 96
2020-11-13 12:00:10,105 spam            CRITICAL listener (for worker 5) Message no. 96
2020-11-13 12:00:10,110 spam            ERROR    listener (for worker 1) Message no. 97
2020-11-13 12:00:10,112 spam.ham.eggs   ERROR    listener (for worker 3) Message no. 97
2020-11-13 12:00:10,121 spam.ham        ERROR    listener (for worker 1) Message no. 98
2020-11-13 12:00:10,126 spam.ham.eggs   CRITICAL listener (for worker 5) Message no. 98
2020-11-13 12:00:10,132 foo             ERROR    listener (for worker 1) Message no. 99
2020-11-13 12:00:10,134 spam.ham.eggs   CRITICAL listener (for worker 2) Message no. 99
2020-11-13 12:00:10,134 spam            ERROR    listener (for worker 3) Message no. 99
2020-11-13 12:00:10,134 spam            CRITICAL listener (for worker 4) Message no. 99
