2020-11-13 12:30:06,513 foo             DEBUG    listener (for worker 1) Message no. 0
2020-11-13 12:30:06,513 foo.bar         CRITICAL listener (for worker 2) Message no. 0
2020-11-13 12:30:06,517 spam            INFO     listener (for worker 3) Message no. 0
2020-11-13 12:30:06,522 spam.ham        ERROR    listener (for worker 4) Message no. 0
2020-11-13 12:30:06,523 foo             WARNING  listener (for worker 5) Message no. 0
2020-11-13 12:30:06,525 spam            ERROR    listener (for worker 2) Message no. 1
2020-11-13 12:30:06,525 foo             WARNING  listener (for worker 1) Message no. 1
2020-11-13 12:30:06,528 foo.bar.baz     WARNING  listener (for worker 3) Message no. 1
2020-11-13 12:30:06,533 spam.ham        ERROR    listener (for worker 4) Message no. 1
2020-11-13 12:30:06,533 spam.ham        ERROR    listener (for worker 5) Message no. 1
2020-11-13 12:30:06,535 foo.bar         DEBUG    listener (for worker 2) Message no. 2
2020-11-13 12:30:06,535 spam.ham        WARNING  listener (for worker 1) Message no. 2
2020-11-13 12:30:06,538 spam            INFO     listener (for worker 3) Message no. 2
2020-11-13 12:30:06,544 foo             DEBUG    listener (for worker 5) Message no. 2
2020-11-13 12:30:06,544 spam            INFO     listener (for worker 4) Message no. 2
2020-11-13 12:30:06,546 foo             INFO     listener (for worker 2) Message no. 3
2020-11-13 12:30:06,546 foo.bar.baz     CRITICAL listener (for worker 1) Message no. 3
2020-11-13 12:30:06,549 foo             INFO     listener (for worker 3) Message no. 3
2020-11-13 12:30:06,555 spam.ham        DEBUG    listener (for worker 5) Message no. 3
2020-11-13 12:30:06,555 foo.bar.baz     WARNING  listener (for worker 4) Message no. 3
2020-11-13 12:30:06,556 spam.ham.eggs   INFO     listener (for worker 1) Message no. 4
2020-11-13 12:30:06,556 spam.ham.eggs   DEBUG    listener (for worker 2) Message no. 4
2020-11-13 12:30:06,559 spam.ham        ERROR    listener (for worker 3) Message no. 4
2020-11-13 12:30:06,566 foo             ERROR    listener (for worker 2) Message no. 5
2020-11-13 12:30:06,566 foo             DEBUG    listener (for worker 1) Message no. 5
2020-11-13 12:30:06,566 foo.bar         CRITICAL listener (for worker 5) Message no. 4
2020-11-13 12:30:06,566 spam.ham.eggs   CRITICAL listener (for worker 4) Message no. 4
2020-11-13 12:30:06,570 foo.bar.baz     WARNING  listener (for worker 3) Message no. 5
2020-11-13 12:30:06,577 spam            WARNING  listener (for worker 2) Message no. 6
2020-11-13 12:30:06,577 foo.bar.baz     ERROR    listener (for worker 1) Message no. 6
2020-11-13 12:30:06,577 foo.bar.baz     WARNING  listener (for worker 5) Message no. 5
2020-11-13 12:30:06,577 foo.bar.baz     INFO     listener (for worker 4) Message no. 5
2020-11-13 12:30:06,581 foo.bar.baz     ERROR    listener (for worker 3) Message no. 6
2020-11-13 12:30:06,587 foo             WARNING  listener (for worker 2) Message no. 7
2020-11-13 12:30:06,587 foo.bar.baz     INFO     listener (for worker 1) Message no. 7
2020-11-13 12:30:06,587 foo             DEBUG    listener (for worker 5) Message no. 6
2020-11-13 12:30:06,587 foo             CRITICAL listener (for worker 4) Message no. 6
2020-11-13 12:30:06,591 foo             INFO     listener (for worker 3) Message no. 7
2020-11-13 12:30:06,598 foo.bar.baz     WARNING  listener (for worker 2) Message no. 8
2020-11-13 12:30:06,598 foo             CRITICAL listener (for worker 1) Message no. 8
2020-11-13 12:30:06,598 spam.ham.eggs   INFO     listener (for worker 5) Message no. 7
2020-11-13 12:30:06,598 spam            ERROR    listener (for worker 4) Message no. 7
2020-11-13 12:30:06,602 foo.bar.baz     CRITICAL listener (for worker 3) Message no. 8
2020-11-13 12:30:06,609 foo             CRITICAL listener (for worker 2) Message no. 9
2020-11-13 12:30:06,609 spam.ham.eggs   DEBUG    listener (for worker 1) Message no. 9
2020-11-13 12:30:06,609 foo             DEBUG    listener (for worker 5) Message no. 8
2020-11-13 12:30:06,609 foo.bar.baz     INFO     listener (for worker 4) Message no. 8
2020-11-13 12:30:06,612 foo.bar.baz     INFO     listener (for worker 3) Message no. 9
2020-11-13 12:30:06,619 spam.ham.eggs   WARNING  listener (for worker 2) Message no. 10
2020-11-13 12:30:06,619 foo             WARNING  listener (for worker 1) Message no. 10
2020-11-13 12:30:06,619 spam.ham.eggs   INFO     listener (for worker 5) Message no. 9
2020-11-13 12:30:06,619 spam.ham        INFO     listener (for worker 4) Message no. 9
2020-11-13 12:30:06,623 spam            DEBUG    listener (for worker 3) Message no. 10
2020-11-13 12:30:06,630 spam.ham.eggs   ERROR    listener (for worker 2) Message no. 11
2020-11-13 12:30:06,630 spam.ham        WARNING  listener (for worker 1) Message no. 11
2020-11-13 12:30:06,630 foo             CRITICAL listener (for worker 5) Message no. 10
2020-11-13 12:30:06,630 spam            CRITICAL listener (for worker 4) Message no. 10
2020-11-13 12:30:06,634 spam            INFO     listener (for worker 3) Message no. 11
2020-11-13 12:30:06,641 spam.ham.eggs   CRITICAL listener (for worker 2) Message no. 12
2020-11-13 12:30:06,641 foo.bar.baz     WARNING  listener (for worker 1) Message no. 12
2020-11-13 12:30:06,641 spam.ham        INFO     listener (for worker 5) Message no. 11
2020-11-13 12:30:06,641 foo.bar         WARNING  listener (for worker 4) Message no. 11
2020-11-13 12:30:06,644 spam            ERROR    listener (for worker 3) Message no. 12
2020-11-13 12:30:06,651 foo             WARNING  listener (for worker 2) Message no. 13
2020-11-13 12:30:06,651 spam.ham        WARNING  listener (for worker 1) Message no. 13
2020-11-13 12:30:06,651 foo             DEBUG    listener (for worker 5) Message no. 12
2020-11-13 12:30:06,651 spam            DEBUG    listener (for worker 4) Message no. 12
2020-11-13 12:30:06,654 spam.ham.eggs   ERROR    listener (for worker 3) Message no. 13
2020-11-13 12:30:06,662 spam.ham        INFO     listener (for worker 2) Message no. 14
2020-11-13 12:30:06,662 spam.ham.eggs   CRITICAL listener (for worker 1) Message no. 14
2020-11-13 12:30:06,662 foo.bar         INFO     listener (for worker 5) Message no. 13
2020-11-13 12:30:06,662 spam            CRITICAL listener (for worker 4) Message no. 13
2020-11-13 12:30:06,665 foo             INFO     listener (for worker 3) Message no. 14
2020-11-13 12:30:06,672 spam.ham.eggs   CRITICAL listener (for worker 2) Message no. 15
2020-11-13 12:30:06,672 spam.ham.eggs   DEBUG    listener (for worker 1) Message no. 15
2020-11-13 12:30:06,672 foo.bar         INFO     listener (for worker 5) Message no. 14
2020-11-13 12:30:06,672 spam.ham.eggs   DEBUG    listener (for worker 4) Message no. 14
2020-11-13 12:30:06,676 spam            INFO     listener (for worker 3) Message no. 15
2020-11-13 12:30:06,683 spam.ham        CRITICAL listener (for worker 2) Message no. 16
2020-11-13 12:30:06,683 spam.ham.eggs   INFO     listener (for worker 1) Message no. 16
2020-11-13 12:30:06,683 spam.ham.eggs   WARNING  listener (for worker 5) Message no. 15
2020-11-13 12:30:06,683 foo.bar         WARNING  listener (for worker 4) Message no. 15
2020-11-13 12:30:06,687 spam.ham        ERROR    listener (for worker 3) Message no. 16
2020-11-13 12:30:06,694 spam.ham.eggs   DEBUG    listener (for worker 4) Message no. 16
2020-11-13 12:30:06,694 foo             DEBUG    listener (for worker 5) Message no. 16
2020-11-13 12:30:06,694 spam.ham.eggs   WARNING  listener (for worker 1) Message no. 17
2020-11-13 12:30:06,694 spam.ham        DEBUG    listener (for worker 2) Message no. 17
2020-11-13 12:30:06,698 foo.bar.baz     ERROR    listener (for worker 3) Message no. 17
2020-11-13 12:30:06,704 spam.ham        CRITICAL listener (for worker 4) Message no. 17
2020-11-13 12:30:06,704 foo             WARNING  listener (for worker 5) Message no. 17
2020-11-13 12:30:06,704 spam            DEBUG    listener (for worker 1) Message no. 18
2020-11-13 12:30:06,704 foo             CRITICAL listener (for worker 2) Message no. 18
2020-11-13 12:30:06,708 spam.ham.eggs   WARNING  listener (for worker 3) Message no. 18
2020-11-13 12:30:06,714 foo             DEBUG    listener (for worker 5) Message no. 18
2020-11-13 12:30:06,714 foo             WARNING  listener (for worker 4) Message no. 18
2020-11-13 12:30:06,714 spam.ham.eggs   ERROR    listener (for worker 1) Message no. 19
2020-11-13 12:30:06,714 foo.bar         INFO     listener (for worker 2) Message no. 19
2020-11-13 12:30:06,719 spam.ham.eggs   ERROR    listener (for worker 3) Message no. 19
2020-11-13 12:30:06,725 foo.bar.baz     INFO     listener (for worker 1) Message no. 20
2020-11-13 12:30:06,725 foo.bar         CRITICAL listener (for worker 4) Message no. 19
2020-11-13 12:30:06,725 spam.ham        DEBUG    listener (for worker 2) Message no. 20
2020-11-13 12:30:06,725 spam.ham        INFO     listener (for worker 5) Message no. 19
2020-11-13 12:30:06,729 foo             WARNING  listener (for worker 3) Message no. 20
2020-11-13 12:30:06,735 spam.ham        ERROR    listener (for worker 1) Message no. 21
2020-11-13 12:30:06,735 foo             INFO     listener (for worker 5) Message no. 20
2020-11-13 12:30:06,735 foo.bar.baz     INFO     listener (for worker 2) Message no. 21
2020-11-13 12:30:06,735 foo.bar.baz     ERROR    listener (for worker 4) Message no. 20
2020-11-13 12:30:06,739 foo.bar         ERROR    listener (for worker 3) Message no. 21
2020-11-13 12:30:06,745 foo.bar.baz     DEBUG    listener (for worker 5) Message no. 21
2020-11-13 12:30:06,745 spam.ham.eggs   CRITICAL listener (for worker 1) Message no. 22
2020-11-13 12:30:06,745 spam.ham.eggs   CRITICAL listener (for worker 2) Message no. 22
2020-11-13 12:30:06,745 foo             INFO     listener (for worker 4) Message no. 21
2020-11-13 12:30:06,749 foo.bar         INFO     listener (for worker 3) Message no. 22
2020-11-13 12:30:06,756 spam.ham.eggs   DEBUG    listener (for worker 2) Message no. 23
2020-11-13 12:30:06,756 spam.ham.eggs   CRITICAL listener (for worker 5) Message no. 22
2020-11-13 12:30:06,756 spam.ham.eggs   ERROR    listener (for worker 4) Message no. 22
2020-11-13 12:30:06,756 foo.bar         ERROR    listener (for worker 1) Message no. 23
2020-11-13 12:30:06,760 foo.bar.baz     CRITICAL listener (for worker 3) Message no. 23
2020-11-13 12:30:06,766 spam.ham.eggs   DEBUG    listener (for worker 1) Message no. 24
2020-11-13 12:30:06,766 foo.bar.baz     ERROR    listener (for worker 2) Message no. 24
2020-11-13 12:30:06,766 spam.ham.eggs   DEBUG    listener (for worker 5) Message no. 23
2020-11-13 12:30:06,766 spam.ham.eggs   DEBUG    listener (for worker 4) Message no. 23
2020-11-13 12:30:06,771 spam            DEBUG    listener (for worker 3) Message no. 24
2020-11-13 12:30:06,777 foo.bar.baz     WARNING  listener (for worker 4) Message no. 24
2020-11-13 12:30:06,777 foo.bar.baz     WARNING  listener (for worker 2) Message no. 25
2020-11-13 12:30:06,777 spam.ham.eggs   WARNING  listener (for worker 5) Message no. 24
2020-11-13 12:30:06,777 foo             DEBUG    listener (for worker 1) Message no. 25
2020-11-13 12:30:06,782 spam            INFO     listener (for worker 3) Message no. 25
2020-11-13 12:30:06,788 foo             DEBUG    listener (for worker 5) Message no. 25
2020-11-13 12:30:06,788 foo.bar         CRITICAL listener (for worker 2) Message no. 26
2020-11-13 12:30:06,788 spam.ham.eggs   WARNING  listener (for worker 1) Message no. 26
2020-11-13 12:30:06,788 spam.ham.eggs   ERROR    listener (for worker 4) Message no. 25
2020-11-13 12:30:06,793 foo             CRITICAL listener (for worker 3) Message no. 26
2020-11-13 12:30:06,799 spam.ham.eggs   ERROR    listener (for worker 2) Message no. 27
2020-11-13 12:30:06,799 foo             INFO     listener (for worker 4) Message no. 26
2020-11-13 12:30:06,799 foo.bar         WARNING  listener (for worker 5) Message no. 26
2020-11-13 12:30:06,799 foo.bar.baz     ERROR    listener (for worker 1) Message no. 27
2020-11-13 12:30:06,804 spam            DEBUG    listener (for worker 3) Message no. 27
2020-11-13 12:30:06,810 foo             CRITICAL listener (for worker 4) Message no. 27
2020-11-13 12:30:06,810 spam.ham        WARNING  listener (for worker 2) Message no. 28
2020-11-13 12:30:06,810 foo             INFO     listener (for worker 1) Message no. 28
2020-11-13 12:30:06,810 foo.bar         CRITICAL listener (for worker 5) Message no. 27
2020-11-13 12:30:06,815 foo             WARNING  listener (for worker 3) Message no. 28
2020-11-13 12:30:06,820 foo.bar.baz     WARNING  listener (for worker 4) Message no. 28
2020-11-13 12:30:06,820 spam            DEBUG    listener (for worker 2) Message no. 29
2020-11-13 12:30:06,820 foo             ERROR    listener (for worker 5) Message no. 28
2020-11-13 12:30:06,820 spam.ham        CRITICAL listener (for worker 1) Message no. 29
2020-11-13 12:30:06,826 foo.bar         CRITICAL listener (for worker 3) Message no. 29
2020-11-13 12:30:06,831 foo             INFO     listener (for worker 4) Message no. 29
2020-11-13 12:30:06,831 foo             WARNING  listener (for worker 5) Message no. 29
2020-11-13 12:30:06,831 spam.ham.eggs   CRITICAL listener (for worker 1) Message no. 30
2020-11-13 12:30:06,831 foo.bar         WARNING  listener (for worker 2) Message no. 30
2020-11-13 12:30:06,837 foo             ERROR    listener (for worker 3) Message no. 30
2020-11-13 12:30:06,841 spam            CRITICAL listener (for worker 4) Message no. 30
2020-11-13 12:30:06,841 foo.bar         CRITICAL listener (for worker 5) Message no. 30
2020-11-13 12:30:06,841 spam.ham        WARNING  listener (for worker 1) Message no. 31
2020-11-13 12:30:06,841 spam.ham        DEBUG    listener (for worker 2) Message no. 31
2020-11-13 12:30:06,847 spam            CRITICAL listener (for worker 3) Message no. 31
2020-11-13 12:30:06,851 spam            CRITICAL listener (for worker 1) Message no. 32
2020-11-13 12:30:06,851 spam            ERROR    listener (for worker 4) Message no. 31
2020-11-13 12:30:06,851 foo             CRITICAL listener (for worker 5) Message no. 31
2020-11-13 12:30:06,851 foo             INFO     listener (for worker 2) Message no. 32
2020-11-13 12:30:06,859 spam            DEBUG    listener (for worker 3) Message no. 32
2020-11-13 12:30:06,861 spam.ham.eggs   DEBUG    listener (for worker 4) Message no. 32
2020-11-13 12:30:06,861 spam.ham.eggs   DEBUG    listener (for worker 2) Message no. 33
2020-11-13 12:30:06,861 spam.ham        WARNING  listener (for worker 1) Message no. 33
2020-11-13 12:30:06,861 foo.bar         CRITICAL listener (for worker 5) Message no. 32
2020-11-13 12:30:06,870 spam.ham        WARNING  listener (for worker 3) Message no. 33
2020-11-13 12:30:06,872 foo.bar.baz     ERROR    listener (for worker 2) Message no. 34
2020-11-13 12:30:06,872 spam            WARNING  listener (for worker 5) Message no. 33
2020-11-13 12:30:06,872 spam            ERROR    listener (for worker 1) Message no. 34
2020-11-13 12:30:06,872 foo             DEBUG    listener (for worker 4) Message no. 33
2020-11-13 12:30:06,880 spam.ham        WARNING  listener (for worker 3) Message no. 34
2020-11-13 12:30:06,883 foo.bar.baz     INFO     listener (for worker 1) Message no. 35
2020-11-13 12:30:06,883 foo.bar         CRITICAL listener (for worker 5) Message no. 34
2020-11-13 12:30:06,883 spam.ham        INFO     listener (for worker 4) Message no. 34
2020-11-13 12:30:06,883 spam.ham        WARNING  listener (for worker 2) Message no. 35
2020-11-13 12:30:06,890 foo.bar         DEBUG    listener (for worker 3) Message no. 35
2020-11-13 12:30:06,893 spam.ham.eggs   CRITICAL listener (for worker 2) Message no. 36
2020-11-13 12:30:06,893 spam            ERROR    listener (for worker 5) Message no. 35
2020-11-13 12:30:06,893 spam.ham.eggs   DEBUG    listener (for worker 1) Message no. 36
2020-11-13 12:30:06,893 spam.ham        DEBUG    listener (for worker 4) Message no. 35
2020-11-13 12:30:06,901 foo.bar         ERROR    listener (for worker 3) Message no. 36
2020-11-13 12:30:06,904 foo.bar         ERROR    listener (for worker 4) Message no. 36
2020-11-13 12:30:06,904 foo             CRITICAL listener (for worker 1) Message no. 37
2020-11-13 12:30:06,904 spam.ham.eggs   WARNING  listener (for worker 2) Message no. 37
2020-11-13 12:30:06,904 foo.bar.baz     CRITICAL listener (for worker 5) Message no. 36
2020-11-13 12:30:06,912 spam            ERROR    listener (for worker 3) Message no. 37
2020-11-13 12:30:06,915 spam.ham.eggs   WARNING  listener (for worker 4) Message no. 37
2020-11-13 12:30:06,915 spam.ham.eggs   ERROR    listener (for worker 1) Message no. 38
2020-11-13 12:30:06,915 foo.bar.baz     CRITICAL listener (for worker 2) Message no. 38
2020-11-13 12:30:06,915 spam            WARNING  listener (for worker 5) Message no. 37
2020-11-13 12:30:06,923 foo.bar         WARNING  listener (for worker 3) Message no. 38
2020-11-13 12:30:06,926 spam.ham.eggs   DEBUG    listener (for worker 5) Message no. 38
2020-11-13 12:30:06,926 spam.ham.eggs   ERROR    listener (for worker 4) Message no. 38
2020-11-13 12:30:06,926 foo.bar.baz     WARNING  listener (for worker 2) Message no. 39
2020-11-13 12:30:06,926 spam            INFO     listener (for worker 1) Message no. 39
2020-11-13 12:30:06,934 foo.bar.baz     DEBUG    listener (for worker 3) Message no. 39
2020-11-13 12:30:06,937 spam.ham.eggs   INFO     listener (for worker 2) Message no. 40
2020-11-13 12:30:06,937 foo.bar.baz     DEBUG    listener (for worker 1) Message no. 40
2020-11-13 12:30:06,937 spam            CRITICAL listener (for worker 4) Message no. 39
2020-11-13 12:30:06,937 foo.bar.baz     CRITICAL listener (for worker 5) Message no. 39
2020-11-13 12:30:06,945 foo.bar         INFO     listener (for worker 3) Message no. 40
2020-11-13 12:30:06,947 foo             CRITICAL listener (for worker 2) Message no. 41
2020-11-13 12:30:06,947 foo.bar         ERROR    listener (for worker 4) Message no. 40
2020-11-13 12:30:06,947 spam.ham        DEBUG    listener (for worker 1) Message no. 41
2020-11-13 12:30:06,947 foo             WARNING  listener (for worker 5) Message no. 40
2020-11-13 12:30:06,955 foo.bar         WARNING  listener (for worker 3) Message no. 41
2020-11-13 12:30:06,958 foo             DEBUG    listener (for worker 5) Message no. 41
2020-11-13 12:30:06,958 foo.bar.baz     CRITICAL listener (for worker 1) Message no. 42
2020-11-13 12:30:06,958 spam.ham        CRITICAL listener (for worker 2) Message no. 42
2020-11-13 12:30:06,958 spam.ham.eggs   CRITICAL listener (for worker 4) Message no. 41
2020-11-13 12:30:06,966 foo.bar.baz     ERROR    listener (for worker 3) Message no. 42
2020-11-13 12:30:06,969 foo             ERROR    listener (for worker 5) Message no. 42
2020-11-13 12:30:06,969 foo             ERROR    listener (for worker 2) Message no. 43
2020-11-13 12:30:06,969 spam.ham        DEBUG    listener (for worker 4) Message no. 42
2020-11-13 12:30:06,969 foo.bar         CRITICAL listener (for worker 1) Message no. 43
2020-11-13 12:30:06,977 spam.ham.eggs   DEBUG    listener (for worker 3) Message no. 43
2020-11-13 12:30:06,980 foo             DEBUG    listener (for worker 2) Message no. 44
2020-11-13 12:30:06,980 spam            DEBUG    listener (for worker 1) Message no. 44
2020-11-13 12:30:06,980 spam.ham.eggs   CRITICAL listener (for worker 4) Message no. 43
2020-11-13 12:30:06,980 spam            CRITICAL listener (for worker 5) Message no. 43
2020-11-13 12:30:06,987 foo.bar         ERROR    listener (for worker 3) Message no. 44
2020-11-13 12:30:06,990 foo             WARNING  listener (for worker 4) Message no. 44
2020-11-13 12:30:06,990 spam.ham        WARNING  listener (for worker 2) Message no. 45
2020-11-13 12:30:06,990 foo.bar         CRITICAL listener (for worker 1) Message no. 45
2020-11-13 12:30:06,990 spam.ham        INFO     listener (for worker 5) Message no. 44
2020-11-13 12:30:06,998 foo             WARNING  listener (for worker 3) Message no. 45
2020-11-13 12:30:07,001 spam            CRITICAL listener (for worker 4) Message no. 45
2020-11-13 12:30:07,001 spam.ham.eggs   WARNING  listener (for worker 2) Message no. 46
2020-11-13 12:30:07,001 spam            INFO     listener (for worker 1) Message no. 46
2020-11-13 12:30:07,001 foo             INFO     listener (for worker 5) Message no. 45
2020-11-13 12:30:07,009 spam            DEBUG    listener (for worker 3) Message no. 46
2020-11-13 12:30:07,011 spam.ham        INFO     listener (for worker 2) Message no. 47
2020-11-13 12:30:07,011 spam            INFO     listener (for worker 1) Message no. 47
2020-11-13 12:30:07,011 spam.ham        INFO     listener (for worker 4) Message no. 46
2020-11-13 12:30:07,011 foo.bar.baz     ERROR    listener (for worker 5) Message no. 46
2020-11-13 12:30:07,020 foo.bar.baz     WARNING  listener (for worker 3) Message no. 47
2020-11-13 12:30:07,022 spam.ham        CRITICAL listener (for worker 4) Message no. 47
2020-11-13 12:30:07,022 foo.bar.baz     DEBUG    listener (for worker 5) Message no. 47
2020-11-13 12:30:07,022 spam.ham.eggs   INFO     listener (for worker 1) Message no. 48
2020-11-13 12:30:07,022 foo.bar         CRITICAL listener (for worker 2) Message no. 48
2020-11-13 12:30:07,030 foo.bar         CRITICAL listener (for worker 3) Message no. 48
2020-11-13 12:30:07,032 foo.bar.baz     CRITICAL listener (for worker 4) Message no. 48
2020-11-13 12:30:07,032 foo.bar         CRITICAL listener (for worker 1) Message no. 49
2020-11-13 12:30:07,032 foo.bar         DEBUG    listener (for worker 2) Message no. 49
2020-11-13 12:30:07,032 foo.bar         WARNING  listener (for worker 5) Message no. 48
2020-11-13 12:30:07,040 foo.bar         WARNING  listener (for worker 3) Message no. 49
2020-11-13 12:30:07,043 spam.ham        DEBUG    listener (for worker 4) Message no. 49
2020-11-13 12:30:07,043 spam            DEBUG    listener (for worker 5) Message no. 49
2020-11-13 12:30:07,043 spam.ham        INFO     listener (for worker 2) Message no. 50
2020-11-13 12:30:07,043 foo.bar         CRITICAL listener (for worker 1) Message no. 50
2020-11-13 12:30:07,051 foo.bar.baz     DEBUG    listener (for worker 3) Message no. 50
2020-11-13 12:30:07,053 foo.bar         DEBUG    listener (for worker 2) Message no. 51
2020-11-13 12:30:07,053 spam.ham.eggs   CRITICAL listener (for worker 4) Message no. 50
2020-11-13 12:30:07,053 spam            CRITICAL listener (for worker 5) Message no. 50
2020-11-13 12:30:07,053 spam.ham.eggs   DEBUG    listener (for worker 1) Message no. 51
2020-11-13 12:30:07,061 spam.ham        WARNING  listener (for worker 3) Message no. 51
2020-11-13 12:30:07,063 spam            WARNING  listener (for worker 5) Message no. 51
2020-11-13 12:30:07,063 spam.ham.eggs   WARNING  listener (for worker 1) Message no. 52
2020-11-13 12:30:07,063 foo             ERROR    listener (for worker 4) Message no. 51
2020-11-13 12:30:07,063 spam.ham        ERROR    listener (for worker 2) Message no. 52
2020-11-13 12:30:07,071 spam.ham        WARNING  listener (for worker 3) Message no. 52
2020-11-13 12:30:07,074 spam.ham.eggs   ERROR    listener (for worker 2) Message no. 53
2020-11-13 12:30:07,074 spam            CRITICAL listener (for worker 1) Message no. 53
2020-11-13 12:30:07,074 foo.bar.baz     CRITICAL listener (for worker 4) Message no. 52
2020-11-13 12:30:07,074 foo             WARNING  listener (for worker 5) Message no. 52
2020-11-13 12:30:07,082 spam            ERROR    listener (for worker 3) Message no. 53
2020-11-13 12:30:07,085 foo             CRITICAL listener (for worker 1) Message no. 54
2020-11-13 12:30:07,085 spam.ham        ERROR    listener (for worker 4) Message no. 53
2020-11-13 12:30:07,085 foo             DEBUG    listener (for worker 2) Message no. 54
2020-11-13 12:30:07,085 spam            ERROR    listener (for worker 5) Message no. 53
2020-11-13 12:30:07,093 foo             INFO     listener (for worker 3) Message no. 54
2020-11-13 12:30:07,095 spam            ERROR    listener (for worker 4) Message no. 54
2020-11-13 12:30:07,095 spam.ham        CRITICAL listener (for worker 2) Message no. 55
2020-11-13 12:30:07,095 foo             ERROR    listener (for worker 5) Message no. 54
2020-11-13 12:30:07,095 foo             INFO     listener (for worker 1) Message no. 55
2020-11-13 12:30:07,103 foo.bar         INFO     listener (for worker 3) Message no. 55
2020-11-13 12:30:07,105 foo.bar         ERROR    listener (for worker 5) Message no. 55
2020-11-13 12:30:07,105 spam            WARNING  listener (for worker 4) Message no. 55
2020-11-13 12:30:07,105 spam.ham        WARNING  listener (for worker 1) Message no. 56
2020-11-13 12:30:07,105 foo             DEBUG    listener (for worker 2) Message no. 56
2020-11-13 12:30:07,114 spam.ham        CRITICAL listener (for worker 3) Message no. 56
2020-11-13 12:30:07,116 foo             ERROR    listener (for worker 5) Message no. 56
2020-11-13 12:30:07,116 foo.bar.baz     DEBUG    listener (for worker 1) Message no. 57
2020-11-13 12:30:07,116 foo.bar         ERROR    listener (for worker 2) Message no. 57
2020-11-13 12:30:07,116 foo.bar         DEBUG    listener (for worker 4) Message no. 56
2020-11-13 12:30:07,124 spam.ham        CRITICAL listener (for worker 3) Message no. 57
2020-11-13 12:30:07,126 foo             WARNING  listener (for worker 2) Message no. 58
2020-11-13 12:30:07,126 spam.ham.eggs   WARNING  listener (for worker 4) Message no. 57
2020-11-13 12:30:07,126 foo.bar.baz     DEBUG    listener (for worker 1) Message no. 58
2020-11-13 12:30:07,126 spam            ERROR    listener (for worker 5) Message no. 57
2020-11-13 12:30:07,134 foo             WARNING  listener (for worker 3) Message no. 58
2020-11-13 12:30:07,136 spam.ham.eggs   ERROR    listener (for worker 2) Message no. 59
2020-11-13 12:30:07,136 foo             INFO     listener (for worker 4) Message no. 58
2020-11-13 12:30:07,136 foo.bar.baz     ERROR    listener (for worker 5) Message no. 58
2020-11-13 12:30:07,136 foo             DEBUG    listener (for worker 1) Message no. 59
2020-11-13 12:30:07,145 spam.ham.eggs   DEBUG    listener (for worker 3) Message no. 59
2020-11-13 12:30:07,147 foo.bar.baz     WARNING  listener (for worker 2) Message no. 60
2020-11-13 12:30:07,147 foo             ERROR    listener (for worker 1) Message no. 60
2020-11-13 12:30:07,147 foo             WARNING  listener (for worker 5) Message no. 59
2020-11-13 12:30:07,147 foo.bar.baz     CRITICAL listener (for worker 4) Message no. 59
2020-11-13 12:30:07,155 foo             DEBUG    listener (for worker 3) Message no. 60
2020-11-13 12:30:07,157 foo             WARNING  listener (for worker 2) Message no. 61
2020-11-13 12:30:07,157 spam.ham        ERROR    listener (for worker 4) Message no. 60
2020-11-13 12:30:07,157 foo.bar         ERROR    listener (for worker 1) Message no. 61
2020-11-13 12:30:07,157 foo.bar         CRITICAL listener (for worker 5) Message no. 60
2020-11-13 12:30:07,165 spam.ham.eggs   DEBUG    listener (for worker 3) Message no. 61
2020-11-13 12:30:07,167 spam.ham.eggs   WARNING  listener (for worker 5) Message no. 61
2020-11-13 12:30:07,167 spam.ham.eggs   INFO     listener (for worker 2) Message no. 62
2020-11-13 12:30:07,167 foo             ERROR    listener (for worker 1) Message no. 62
2020-11-13 12:30:07,167 foo             ERROR    listener (for worker 4) Message no. 61
2020-11-13 12:30:07,176 foo             CRITICAL listener (for worker 3) Message no. 62
2020-11-13 12:30:07,178 spam.ham.eggs   INFO     listener (for worker 5) Message no. 62
2020-11-13 12:30:07,178 foo.bar.baz     WARNING  listener (for worker 4) Message no. 62
2020-11-13 12:30:07,178 foo.bar         DEBUG    listener (for worker 1) Message no. 63
2020-11-13 12:30:07,178 spam.ham.eggs   ERROR    listener (for worker 2) Message no. 63
2020-11-13 12:30:07,186 foo.bar.baz     ERROR    listener (for worker 3) Message no. 63
2020-11-13 12:30:07,188 foo.bar.baz     CRITICAL listener (for worker 5) Message no. 63
2020-11-13 12:30:07,188 foo.bar.baz     CRITICAL listener (for worker 2) Message no. 64
2020-11-13 12:30:07,188 foo             DEBUG    listener (for worker 4) Message no. 63
2020-11-13 12:30:07,188 foo             DEBUG    listener (for worker 1) Message no. 64
2020-11-13 12:30:07,196 spam.ham.eggs   CRITICAL listener (for worker 3) Message no. 64
2020-11-13 12:30:07,199 spam            CRITICAL listener (for worker 2) Message no. 65
2020-11-13 12:30:07,199 foo.bar.baz     ERROR    listener (for worker 4) Message no. 64
2020-11-13 12:30:07,199 foo             WARNING  listener (for worker 1) Message no. 65
2020-11-13 12:30:07,199 spam            DEBUG    listener (for worker 5) Message no. 64
2020-11-13 12:30:07,206 spam.ham        DEBUG    listener (for worker 3) Message no. 65
2020-11-13 12:30:07,209 spam.ham.eggs   WARNING  listener (for worker 4) Message no. 65
2020-11-13 12:30:07,209 foo.bar         DEBUG    listener (for worker 5) Message no. 65
2020-11-13 12:30:07,209 foo.bar         ERROR    listener (for worker 2) Message no. 66
2020-11-13 12:30:07,209 foo.bar         WARNING  listener (for worker 1) Message no. 66
2020-11-13 12:30:07,216 spam.ham        CRITICAL listener (for worker 3) Message no. 66
2020-11-13 12:30:07,220 spam            DEBUG    listener (for worker 2) Message no. 67
2020-11-13 12:30:07,220 spam.ham        ERROR    listener (for worker 1) Message no. 67
2020-11-13 12:30:07,220 foo.bar         INFO     listener (for worker 5) Message no. 66
2020-11-13 12:30:07,220 foo.bar.baz     CRITICAL listener (for worker 4) Message no. 66
2020-11-13 12:30:07,227 spam.ham.eggs   INFO     listener (for worker 3) Message no. 67
2020-11-13 12:30:07,231 foo.bar.baz     WARNING  listener (for worker 1) Message no. 68
2020-11-13 12:30:07,231 foo             CRITICAL listener (for worker 2) Message no. 68
2020-11-13 12:30:07,231 spam            CRITICAL listener (for worker 4) Message no. 67
2020-11-13 12:30:07,231 foo.bar.baz     INFO     listener (for worker 5) Message no. 67
2020-11-13 12:30:07,238 foo             ERROR    listener (for worker 3) Message no. 68
2020-11-13 12:30:07,241 spam.ham.eggs   ERROR    listener (for worker 2) Message no. 69
2020-11-13 12:30:07,241 spam.ham.eggs   INFO     listener (for worker 5) Message no. 68
2020-11-13 12:30:07,241 foo.bar.baz     DEBUG    listener (for worker 1) Message no. 69
2020-11-13 12:30:07,241 spam            WARNING  listener (for worker 4) Message no. 68
2020-11-13 12:30:07,248 foo.bar.baz     CRITICAL listener (for worker 3) Message no. 69
2020-11-13 12:30:07,251 spam.ham        CRITICAL listener (for worker 1) Message no. 70
2020-11-13 12:30:07,251 foo.bar.baz     WARNING  listener (for worker 2) Message no. 70
2020-11-13 12:30:07,251 spam.ham        INFO     listener (for worker 5) Message no. 69
2020-11-13 12:30:07,251 foo.bar.baz     CRITICAL listener (for worker 4) Message no. 69
2020-11-13 12:30:07,259 spam.ham.eggs   ERROR    listener (for worker 3) Message no. 70
2020-11-13 12:30:07,261 spam            CRITICAL listener (for worker 4) Message no. 70
2020-11-13 12:30:07,261 spam            ERROR    listener (for worker 1) Message no. 71
2020-11-13 12:30:07,261 spam.ham.eggs   WARNING  listener (for worker 2) Message no. 71
2020-11-13 12:30:07,261 spam            INFO     listener (for worker 5) Message no. 70
2020-11-13 12:30:07,269 spam.ham        ERROR    listener (for worker 3) Message no. 71
2020-11-13 12:30:07,272 spam            DEBUG    listener (for worker 1) Message no. 72
2020-11-13 12:30:07,272 spam.ham        ERROR    listener (for worker 2) Message no. 72
2020-11-13 12:30:07,272 foo.bar         CRITICAL listener (for worker 4) Message no. 71
2020-11-13 12:30:07,272 foo.bar         DEBUG    listener (for worker 5) Message no. 71
2020-11-13 12:30:07,279 spam.ham        WARNING  listener (for worker 3) Message no. 72
2020-11-13 12:30:07,283 foo.bar.baz     INFO     listener (for worker 1) Message no. 73
2020-11-13 12:30:07,283 foo.bar.baz     DEBUG    listener (for worker 5) Message no. 72
2020-11-13 12:30:07,283 foo.bar.baz     ERROR    listener (for worker 2) Message no. 73
2020-11-13 12:30:07,283 foo.bar.baz     DEBUG    listener (for worker 4) Message no. 72
2020-11-13 12:30:07,290 spam.ham.eggs   CRITICAL listener (for worker 3) Message no. 73
2020-11-13 12:30:07,293 foo             DEBUG    listener (for worker 2) Message no. 74
2020-11-13 12:30:07,293 foo.bar.baz     INFO     listener (for worker 5) Message no. 73
2020-11-13 12:30:07,293 foo             CRITICAL listener (for worker 4) Message no. 73
2020-11-13 12:30:07,293 foo.bar         INFO     listener (for worker 1) Message no. 74
2020-11-13 12:30:07,300 foo.bar.baz     ERROR    listener (for worker 3) Message no. 74
2020-11-13 12:30:07,303 spam            DEBUG    listener (for worker 4) Message no. 74
2020-11-13 12:30:07,303 spam.ham        DEBUG    listener (for worker 5) Message no. 74
2020-11-13 12:30:07,303 foo             ERROR    listener (for worker 2) Message no. 75
2020-11-13 12:30:07,303 spam            WARNING  listener (for worker 1) Message no. 75
2020-11-13 12:30:07,310 spam.ham.eggs   CRITICAL listener (for worker 3) Message no. 75
2020-11-13 12:30:07,313 spam.ham        INFO     listener (for worker 2) Message no. 76
2020-11-13 12:30:07,313 foo.bar         CRITICAL listener (for worker 4) Message no. 75
2020-11-13 12:30:07,313 spam            WARNING  listener (for worker 5) Message no. 75
2020-11-13 12:30:07,313 foo.bar.baz     DEBUG    listener (for worker 1) Message no. 76
2020-11-13 12:30:07,321 foo.bar.baz     WARNING  listener (for worker 3) Message no. 76
2020-11-13 12:30:07,324 foo             WARNING  listener (for worker 5) Message no. 76
2020-11-13 12:30:07,324 spam            INFO     listener (for worker 1) Message no. 77
2020-11-13 12:30:07,324 foo             WARNING  listener (for worker 2) Message no. 77
2020-11-13 12:30:07,324 foo             WARNING  listener (for worker 4) Message no. 76
2020-11-13 12:30:07,331 foo.bar.baz     WARNING  listener (for worker 3) Message no. 77
2020-11-13 12:30:07,334 spam.ham.eggs   INFO     listener (for worker 4) Message no. 77
2020-11-13 12:30:07,334 spam.ham.eggs   CRITICAL listener (for worker 2) Message no. 78
2020-11-13 12:30:07,334 foo.bar.baz     INFO     listener (for worker 1) Message no. 78
2020-11-13 12:30:07,334 foo.bar         CRITICAL listener (for worker 5) Message no. 77
2020-11-13 12:30:07,343 spam.ham.eggs   ERROR    listener (for worker 3) Message no. 78
2020-11-13 12:30:07,345 spam            DEBUG    listener (for worker 1) Message no. 79
2020-11-13 12:30:07,345 foo.bar         DEBUG    listener (for worker 5) Message no. 78
2020-11-13 12:30:07,345 foo.bar.baz     CRITICAL listener (for worker 4) Message no. 78
2020-11-13 12:30:07,345 spam.ham.eggs   INFO     listener (for worker 2) Message no. 79
2020-11-13 12:30:07,353 spam.ham.eggs   WARNING  listener (for worker 3) Message no. 79
2020-11-13 12:30:07,355 foo.bar         INFO     listener (for worker 4) Message no. 79
2020-11-13 12:30:07,355 foo             DEBUG    listener (for worker 2) Message no. 80
2020-11-13 12:30:07,355 spam            CRITICAL listener (for worker 1) Message no. 80
2020-11-13 12:30:07,355 spam.ham.eggs   WARNING  listener (for worker 5) Message no. 79
2020-11-13 12:30:07,364 spam.ham        INFO     listener (for worker 3) Message no. 80
2020-11-13 12:30:07,366 spam.ham.eggs   CRITICAL listener (for worker 1) Message no. 81
2020-11-13 12:30:07,366 spam            WARNING  listener (for worker 5) Message no. 80
2020-11-13 12:30:07,366 foo.bar         WARNING  listener (for worker 2) Message no. 81
2020-11-13 12:30:07,366 foo.bar         WARNING  listener (for worker 4) Message no. 80
2020-11-13 12:30:07,375 foo.bar.baz     ERROR    listener (for worker 3) Message no. 81
2020-11-13 12:30:07,377 foo             CRITICAL listener (for worker 2) Message no. 82
2020-11-13 12:30:07,377 foo.bar         ERROR    listener (for worker 1) Message no. 82
2020-11-13 12:30:07,377 spam.ham        INFO     listener (for worker 5) Message no. 81
2020-11-13 12:30:07,377 spam            INFO     listener (for worker 4) Message no. 81
2020-11-13 12:30:07,385 spam.ham.eggs   WARNING  listener (for worker 3) Message no. 82
2020-11-13 12:30:07,388 foo             ERROR    listener (for worker 2) Message no. 83
2020-11-13 12:30:07,388 foo             WARNING  listener (for worker 4) Message no. 82
2020-11-13 12:30:07,388 foo.bar.baz     WARNING  listener (for worker 5) Message no. 82
2020-11-13 12:30:07,388 spam            DEBUG    listener (for worker 1) Message no. 83
2020-11-13 12:30:07,396 foo.bar         DEBUG    listener (for worker 3) Message no. 83
2020-11-13 12:30:07,398 foo             DEBUG    listener (for worker 4) Message no. 83
2020-11-13 12:30:07,398 foo.bar.baz     ERROR    listener (for worker 5) Message no. 83
2020-11-13 12:30:07,398 foo.bar         CRITICAL listener (for worker 1) Message no. 84
2020-11-13 12:30:07,398 spam.ham.eggs   CRITICAL listener (for worker 2) Message no. 84
2020-11-13 12:30:07,406 foo             CRITICAL listener (for worker 3) Message no. 84
2020-11-13 12:30:07,408 spam.ham        DEBUG    listener (for worker 2) Message no. 85
2020-11-13 12:30:07,408 foo             CRITICAL listener (for worker 4) Message no. 84
2020-11-13 12:30:07,408 spam.ham.eggs   CRITICAL listener (for worker 1) Message no. 85
2020-11-13 12:30:07,408 foo             WARNING  listener (for worker 5) Message no. 84
2020-11-13 12:30:07,417 spam.ham.eggs   DEBUG    listener (for worker 3) Message no. 85
2020-11-13 12:30:07,419 spam            CRITICAL listener (for worker 1) Message no. 86
2020-11-13 12:30:07,419 foo.bar.baz     WARNING  listener (for worker 5) Message no. 85
2020-11-13 12:30:07,419 spam.ham.eggs   DEBUG    listener (for worker 2) Message no. 86
2020-11-13 12:30:07,419 spam            ERROR    listener (for worker 4) Message no. 85
2020-11-13 12:30:07,427 spam.ham        DEBUG    listener (for worker 3) Message no. 86
2020-11-13 12:30:07,429 spam.ham.eggs   WARNING  listener (for worker 4) Message no. 86
2020-11-13 12:30:07,429 spam.ham.eggs   ERROR    listener (for worker 5) Message no. 86
2020-11-13 12:30:07,429 foo             INFO     listener (for worker 1) Message no. 87
2020-11-13 12:30:07,429 spam.ham        DEBUG    listener (for worker 2) Message no. 87
2020-11-13 12:30:07,439 foo.bar         INFO     listener (for worker 3) Message no. 87
2020-11-13 12:30:07,439 foo.bar         WARNING  listener (for worker 1) Message no. 88
2020-11-13 12:30:07,439 foo.bar.baz     CRITICAL listener (for worker 5) Message no. 87
2020-11-13 12:30:07,439 spam            WARNING  listener (for worker 4) Message no. 87
2020-11-13 12:30:07,439 spam.ham        WARNING  listener (for worker 2) Message no. 88
2020-11-13 12:30:07,449 foo.bar.baz     WARNING  listener (for worker 3) Message no. 88
2020-11-13 12:30:07,450 spam            DEBUG    listener (for worker 2) Message no. 89
2020-11-13 12:30:07,450 spam.ham.eggs   DEBUG    listener (for worker 1) Message no. 89
2020-11-13 12:30:07,450 spam.ham        INFO     listener (for worker 5) Message no. 88
2020-11-13 12:30:07,450 spam.ham.eggs   DEBUG    listener (for worker 4) Message no. 88
2020-11-13 12:30:07,460 foo.bar.baz     CRITICAL listener (for worker 3) Message no. 89
2020-11-13 12:30:07,460 foo.bar         WARNING  listener (for worker 5) Message no. 89
2020-11-13 12:30:07,460 foo.bar         ERROR    listener (for worker 2) Message no. 90
2020-11-13 12:30:07,460 foo.bar         CRITICAL listener (for worker 4) Message no. 89
2020-11-13 12:30:07,460 spam.ham.eggs   ERROR    listener (for worker 1) Message no. 90
2020-11-13 12:30:07,470 spam            ERROR    listener (for worker 3) Message no. 90
2020-11-13 12:30:07,471 foo.bar.baz     ERROR    listener (for worker 2) Message no. 91
2020-11-13 12:30:07,471 foo.bar         CRITICAL listener (for worker 4) Message no. 90
2020-11-13 12:30:07,471 spam            ERROR    listener (for worker 1) Message no. 91
2020-11-13 12:30:07,471 foo             CRITICAL listener (for worker 5) Message no. 90
2020-11-13 12:30:07,480 spam.ham        WARNING  listener (for worker 3) Message no. 91
2020-11-13 12:30:07,481 spam.ham        CRITICAL listener (for worker 4) Message no. 91
2020-11-13 12:30:07,481 spam            WARNING  listener (for worker 5) Message no. 91
2020-11-13 12:30:07,481 spam            INFO     listener (for worker 1) Message no. 92
2020-11-13 12:30:07,481 foo             INFO     listener (for worker 2) Message no. 92
2020-11-13 12:30:07,491 foo             INFO     listener (for worker 3) Message no. 92
2020-11-13 12:30:07,492 spam.ham        DEBUG    listener (for worker 1) Message no. 93
2020-11-13 12:30:07,492 foo             WARNING  listener (for worker 2) Message no. 93
2020-11-13 12:30:07,492 spam.ham        ERROR    listener (for worker 5) Message no. 92
2020-11-13 12:30:07,492 spam.ham        WARNING  listener (for worker 4) Message no. 92
2020-11-13 12:30:07,502 foo.bar.baz     CRITICAL listener (for worker 2) Message no. 94
2020-11-13 12:30:07,502 foo             ERROR    listener (for worker 5) Message no. 93
2020-11-13 12:30:07,502 spam            INFO     listener (for worker 4) Message no. 93
2020-11-13 12:30:07,502 spam            INFO     listener (for worker 3) Message no. 93
2020-11-13 12:30:07,502 foo.bar         WARNING  listener (for worker 1) Message no. 94
2020-11-13 12:30:07,513 foo.bar.baz     ERROR    listener (for worker 4) Message no. 94
2020-11-13 12:30:07,513 spam            DEBUG    listener (for worker 3) Message no. 94
2020-11-13 12:30:07,513 spam            ERROR    listener (for worker 5) Message no. 94
2020-11-13 12:30:07,513 foo.bar         ERROR    listener (for worker 2) Message no. 95
2020-11-13 12:30:07,513 foo.bar         INFO     listener (for worker 1) Message no. 95
2020-11-13 12:30:07,523 spam.ham        CRITICAL listener (for worker 4) Message no. 95
2020-11-13 12:30:07,523 foo             CRITICAL listener (for worker 3) Message no. 95
2020-11-13 12:30:07,523 spam.ham.eggs   INFO     listener (for worker 5) Message no. 95
2020-11-13 12:30:07,523 spam            INFO     listener (for worker 2) Message no. 96
2020-11-13 12:30:07,523 foo.bar         ERROR    listener (for worker 1) Message no. 96
2020-11-13 12:30:07,533 foo.bar.baz     ERROR    listener (for worker 1) Message no. 97
2020-11-13 12:30:07,533 foo.bar.baz     ERROR    listener (for worker 5) Message no. 96
2020-11-13 12:30:07,533 spam            DEBUG    listener (for worker 4) Message no. 96
2020-11-13 12:30:07,533 foo.bar.baz     ERROR    listener (for worker 2) Message no. 97
2020-11-13 12:30:07,533 foo.bar.baz     ERROR    listener (for worker 3) Message no. 96
2020-11-13 12:30:07,544 spam.ham.eggs   ERROR    listener (for worker 5) Message no. 97
2020-11-13 12:30:07,544 spam.ham.eggs   INFO     listener (for worker 2) Message no. 98
2020-11-13 12:30:07,544 foo             INFO     listener (for worker 1) Message no. 98
2020-11-13 12:30:07,544 spam.ham        ERROR    listener (for worker 3) Message no. 97
2020-11-13 12:30:07,544 spam            ERROR    listener (for worker 4) Message no. 97
2020-11-13 12:30:07,555 foo             WARNING  listener (for worker 3) Message no. 98
2020-11-13 12:30:07,555 spam.ham.eggs   DEBUG    listener (for worker 5) Message no. 98
2020-11-13 12:30:07,555 spam.ham        DEBUG    listener (for worker 2) Message no. 99
2020-11-13 12:30:07,555 foo.bar.baz     WARNING  listener (for worker 4) Message no. 98
2020-11-13 12:30:07,555 spam.ham.eggs   CRITICAL listener (for worker 1) Message no. 99
2020-11-13 12:30:07,565 spam.ham        INFO     listener (for worker 4) Message no. 99
2020-11-13 12:30:07,565 foo.bar         ERROR    listener (for worker 5) Message no. 99
2020-11-13 12:30:07,565 foo             DEBUG    listener (for worker 3) Message no. 99
